<?xml version="1.0" encoding="UTF-8"?>
<!-- Generated by org.testng.reporters.JUnitReportReporter -->
<testsuite name="basePkg.Login" tests="1" time="5.450" ignored="0" failures="0" timestamp="08 Jun 2018 20:37:30 GMT" skipped="0" hostname="Ashishs-MacBook-Air.local" errors="0">
  <testcase name="Testdatang" time="5.450" classname="basePkg.Login"/>
</testsuite> <!-- basePkg.Login -->
